2013/12/20 01:16:03 [error] [exception.CException] exception 'CException' with message 'Alias "application.modules.cruge.components.CrugeWebUser" is invalid. Make sure it points to an existing PHP file and the file is readable.' in /Applications/mappstack-5.4.15-0/apache2/htdocs/yii/framework/YiiBase.php:316
Stack trace:
#0 /Applications/mappstack-5.4.15-0/apache2/htdocs/yii/framework/YiiBase.php(196): YiiBase::import('application.mod...', true)
#1 /Applications/mappstack-5.4.15-0/apache2/htdocs/yii/framework/base/CModule.php(386): YiiBase::createComponent(Array)
#2 /Applications/mappstack-5.4.15-0/apache2/htdocs/yii/framework/base/CModule.php(103): CModule->getComponent('user')
#3 /Applications/mappstack-5.4.15-0/apache2/htdocs/ERS-TimeControl/protected/views/layouts/main.php(35): CModule->__get('user')
#4 /Applications/mappstack-5.4.15-0/apache2/htdocs/yii/framework/web/CBaseController.php(126): require('/Applications/m...')
#5 /Applications/mappstack-5.4.15-0/apache2/htdocs/yii/framework/web/CBaseController.php(95): CBaseController->renderInternal('/Applications/m...', Array, true)
#6 /Applications/mappstack-5.4.15-0/apache2/htdocs/yii/framework/web/widgets/CContentDecorator.php(76): CBaseController->renderFile('/Applications/m...', Array, true)
#7 /Applications/mappstack-5.4.15-0/apache2/htdocs/yii/framework/web/widgets/CContentDecorator.php(54): CContentDecorator->decorate('<div id="conten...')
#8 /Applications/mappstack-5.4.15-0/apache2/htdocs/yii/framework/web/widgets/COutputProcessor.php(44): CContentDecorator->processOutput('<div id="conten...')
#9 /Applications/mappstack-5.4.15-0/apache2/htdocs/yii/framework/web/CBaseController.php(206): COutputProcessor->run()
#10 /Applications/mappstack-5.4.15-0/apache2/htdocs/yii/framework/web/CBaseController.php(300): CBaseController->endWidget('CContentDecorat...')
#11 /Applications/mappstack-5.4.15-0/apache2/htdocs/ERS-TimeControl/protected/views/layouts/column1.php(6): CBaseController->endContent()
#12 /Applications/mappstack-5.4.15-0/apache2/htdocs/yii/framework/web/CBaseController.php(126): require('/Applications/m...')
#13 /Applications/mappstack-5.4.15-0/apache2/htdocs/yii/framework/web/CBaseController.php(95): CBaseController->renderInternal('/Applications/m...', Array, true)
#14 /Applications/mappstack-5.4.15-0/apache2/htdocs/yii/framework/web/CController.php(784): CBaseController->renderFile('/Applications/m...', Array, true)
#15 /Applications/mappstack-5.4.15-0/apache2/htdocs/ERS-TimeControl/protected/controllers/SiteController.php(32): CController->render('index')
#16 /Applications/mappstack-5.4.15-0/apache2/htdocs/yii/framework/web/actions/CInlineAction.php(49): SiteController->actionIndex()
#17 /Applications/mappstack-5.4.15-0/apache2/htdocs/yii/framework/web/CController.php(308): CInlineAction->runWithParams(Array)
#18 /Applications/mappstack-5.4.15-0/apache2/htdocs/yii/framework/web/CController.php(286): CController->runAction(Object(CInlineAction))
#19 /Applications/mappstack-5.4.15-0/apache2/htdocs/yii/framework/web/CController.php(265): CController->runActionWithFilters(Object(CInlineAction), Array)
#20 /Applications/mappstack-5.4.15-0/apache2/htdocs/yii/framework/web/CWebApplication.php(282): CController->run('')
#21 /Applications/mappstack-5.4.15-0/apache2/htdocs/yii/framework/web/CWebApplication.php(141): CWebApplication->runController('')
#22 /Applications/mappstack-5.4.15-0/apache2/htdocs/yii/framework/base/CApplication.php(169): CWebApplication->processRequest()
#23 /Applications/mappstack-5.4.15-0/apache2/htdocs/ERS-TimeControl/index.php(13): CApplication->run()
#24 {main}
REQUEST_URI=/ERS-TimeControl/
---
2013/12/20 01:22:37 [error] [exception.CException] exception 'CException' with message 'Alias "application.modules.cruge.components.CrugeWebUser" is invalid. Make sure it points to an existing PHP file and the file is readable.' in /Applications/mappstack-5.4.15-0/apache2/htdocs/yii/framework/YiiBase.php:316
Stack trace:
#0 /Applications/mappstack-5.4.15-0/apache2/htdocs/yii/framework/YiiBase.php(196): YiiBase::import('application.mod...', true)
#1 /Applications/mappstack-5.4.15-0/apache2/htdocs/yii/framework/base/CModule.php(386): YiiBase::createComponent(Array)
#2 /Applications/mappstack-5.4.15-0/apache2/htdocs/yii/framework/base/CModule.php(103): CModule->getComponent('user')
#3 /Applications/mappstack-5.4.15-0/apache2/htdocs/ERS-TimeControl/protected/views/layouts/main.php(36): CModule->__get('user')
#4 /Applications/mappstack-5.4.15-0/apache2/htdocs/yii/framework/web/CBaseController.php(126): require('/Applications/m...')
#5 /Applications/mappstack-5.4.15-0/apache2/htdocs/yii/framework/web/CBaseController.php(95): CBaseController->renderInternal('/Applications/m...', Array, true)
#6 /Applications/mappstack-5.4.15-0/apache2/htdocs/yii/framework/web/widgets/CContentDecorator.php(76): CBaseController->renderFile('/Applications/m...', Array, true)
#7 /Applications/mappstack-5.4.15-0/apache2/htdocs/yii/framework/web/widgets/CContentDecorator.php(54): CContentDecorator->decorate('<div id="conten...')
#8 /Applications/mappstack-5.4.15-0/apache2/htdocs/yii/framework/web/widgets/COutputProcessor.php(44): CContentDecorator->processOutput('<div id="conten...')
#9 /Applications/mappstack-5.4.15-0/apache2/htdocs/yii/framework/web/CBaseController.php(206): COutputProcessor->run()
#10 /Applications/mappstack-5.4.15-0/apache2/htdocs/yii/framework/web/CBaseController.php(300): CBaseController->endWidget('CContentDecorat...')
#11 /Applications/mappstack-5.4.15-0/apache2/htdocs/ERS-TimeControl/protected/views/layouts/column1.php(6): CBaseController->endContent()
#12 /Applications/mappstack-5.4.15-0/apache2/htdocs/yii/framework/web/CBaseController.php(126): require('/Applications/m...')
#13 /Applications/mappstack-5.4.15-0/apache2/htdocs/yii/framework/web/CBaseController.php(95): CBaseController->renderInternal('/Applications/m...', Array, true)
#14 /Applications/mappstack-5.4.15-0/apache2/htdocs/yii/framework/web/CController.php(784): CBaseController->renderFile('/Applications/m...', Array, true)
#15 /Applications/mappstack-5.4.15-0/apache2/htdocs/ERS-TimeControl/protected/controllers/SiteController.php(32): CController->render('index')
#16 /Applications/mappstack-5.4.15-0/apache2/htdocs/yii/framework/web/actions/CInlineAction.php(49): SiteController->actionIndex()
#17 /Applications/mappstack-5.4.15-0/apache2/htdocs/yii/framework/web/CController.php(308): CInlineAction->runWithParams(Array)
#18 /Applications/mappstack-5.4.15-0/apache2/htdocs/yii/framework/web/CController.php(286): CController->runAction(Object(CInlineAction))
#19 /Applications/mappstack-5.4.15-0/apache2/htdocs/yii/framework/web/CController.php(265): CController->runActionWithFilters(Object(CInlineAction), Array)
#20 /Applications/mappstack-5.4.15-0/apache2/htdocs/yii/framework/web/CWebApplication.php(282): CController->run('')
#21 /Applications/mappstack-5.4.15-0/apache2/htdocs/yii/framework/web/CWebApplication.php(141): CWebApplication->runController('')
#22 /Applications/mappstack-5.4.15-0/apache2/htdocs/yii/framework/base/CApplication.php(169): CWebApplication->processRequest()
#23 /Applications/mappstack-5.4.15-0/apache2/htdocs/ERS-TimeControl/index.php(13): CApplication->run()
#24 {main}
REQUEST_URI=/ERS-TimeControl/
---
2013/12/20 01:25:59 [error] [exception.CException] exception 'CException' with message 'Alias "application.modules.cruge.components.CrugeWebUser" is invalid. Make sure it points to an existing PHP file and the file is readable.' in /Applications/mappstack-5.4.15-0/apache2/htdocs/yii/framework/YiiBase.php:316
Stack trace:
#0 /Applications/mappstack-5.4.15-0/apache2/htdocs/yii/framework/YiiBase.php(196): YiiBase::import('application.mod...', true)
#1 /Applications/mappstack-5.4.15-0/apache2/htdocs/yii/framework/base/CModule.php(386): YiiBase::createComponent(Array)
#2 /Applications/mappstack-5.4.15-0/apache2/htdocs/yii/framework/base/CModule.php(103): CModule->getComponent('user')
#3 /Applications/mappstack-5.4.15-0/apache2/htdocs/ERS-TimeControl/protected/views/layouts/main.php(36): CModule->__get('user')
#4 /Applications/mappstack-5.4.15-0/apache2/htdocs/yii/framework/web/CBaseController.php(126): require('/Applications/m...')
#5 /Applications/mappstack-5.4.15-0/apache2/htdocs/yii/framework/web/CBaseController.php(95): CBaseController->renderInternal('/Applications/m...', Array, true)
#6 /Applications/mappstack-5.4.15-0/apache2/htdocs/yii/framework/web/widgets/CContentDecorator.php(76): CBaseController->renderFile('/Applications/m...', Array, true)
#7 /Applications/mappstack-5.4.15-0/apache2/htdocs/yii/framework/web/widgets/CContentDecorator.php(54): CContentDecorator->decorate('<div id="conten...')
#8 /Applications/mappstack-5.4.15-0/apache2/htdocs/yii/framework/web/widgets/COutputProcessor.php(44): CContentDecorator->processOutput('<div id="conten...')
#9 /Applications/mappstack-5.4.15-0/apache2/htdocs/yii/framework/web/CBaseController.php(206): COutputProcessor->run()
#10 /Applications/mappstack-5.4.15-0/apache2/htdocs/yii/framework/web/CBaseController.php(300): CBaseController->endWidget('CContentDecorat...')
#11 /Applications/mappstack-5.4.15-0/apache2/htdocs/ERS-TimeControl/protected/views/layouts/column1.php(6): CBaseController->endContent()
#12 /Applications/mappstack-5.4.15-0/apache2/htdocs/yii/framework/web/CBaseController.php(126): require('/Applications/m...')
#13 /Applications/mappstack-5.4.15-0/apache2/htdocs/yii/framework/web/CBaseController.php(95): CBaseController->renderInternal('/Applications/m...', Array, true)
#14 /Applications/mappstack-5.4.15-0/apache2/htdocs/yii/framework/web/CController.php(784): CBaseController->renderFile('/Applications/m...', Array, true)
#15 /Applications/mappstack-5.4.15-0/apache2/htdocs/ERS-TimeControl/protected/controllers/SiteController.php(32): CController->render('index')
#16 /Applications/mappstack-5.4.15-0/apache2/htdocs/yii/framework/web/actions/CInlineAction.php(49): SiteController->actionIndex()
#17 /Applications/mappstack-5.4.15-0/apache2/htdocs/yii/framework/web/CController.php(308): CInlineAction->runWithParams(Array)
#18 /Applications/mappstack-5.4.15-0/apache2/htdocs/yii/framework/web/CController.php(286): CController->runAction(Object(CInlineAction))
#19 /Applications/mappstack-5.4.15-0/apache2/htdocs/yii/framework/web/CController.php(265): CController->runActionWithFilters(Object(CInlineAction), Array)
#20 /Applications/mappstack-5.4.15-0/apache2/htdocs/yii/framework/web/CWebApplication.php(282): CController->run('')
#21 /Applications/mappstack-5.4.15-0/apache2/htdocs/yii/framework/web/CWebApplication.php(141): CWebApplication->runController('')
#22 /Applications/mappstack-5.4.15-0/apache2/htdocs/yii/framework/base/CApplication.php(169): CWebApplication->processRequest()
#23 /Applications/mappstack-5.4.15-0/apache2/htdocs/ERS-TimeControl/index.php(13): CApplication->run()
#24 {main}
REQUEST_URI=/ERS-TimeControl/
---
2013/12/20 01:26:09 [error] [exception.CException] exception 'CException' with message 'Alias "application.modules.cruge.components.CrugeWebUser" is invalid. Make sure it points to an existing PHP file and the file is readable.' in /Applications/mappstack-5.4.15-0/apache2/htdocs/yii/framework/YiiBase.php:316
Stack trace:
#0 /Applications/mappstack-5.4.15-0/apache2/htdocs/yii/framework/YiiBase.php(196): YiiBase::import('application.mod...', true)
#1 /Applications/mappstack-5.4.15-0/apache2/htdocs/yii/framework/base/CModule.php(386): YiiBase::createComponent(Array)
#2 /Applications/mappstack-5.4.15-0/apache2/htdocs/yii/framework/base/CModule.php(103): CModule->getComponent('user')
#3 /Applications/mappstack-5.4.15-0/apache2/htdocs/ERS-TimeControl/protected/views/layouts/main.php(36): CModule->__get('user')
#4 /Applications/mappstack-5.4.15-0/apache2/htdocs/yii/framework/web/CBaseController.php(126): require('/Applications/m...')
#5 /Applications/mappstack-5.4.15-0/apache2/htdocs/yii/framework/web/CBaseController.php(95): CBaseController->renderInternal('/Applications/m...', Array, true)
#6 /Applications/mappstack-5.4.15-0/apache2/htdocs/yii/framework/web/widgets/CContentDecorator.php(76): CBaseController->renderFile('/Applications/m...', Array, true)
#7 /Applications/mappstack-5.4.15-0/apache2/htdocs/yii/framework/web/widgets/CContentDecorator.php(54): CContentDecorator->decorate('<div id="conten...')
#8 /Applications/mappstack-5.4.15-0/apache2/htdocs/yii/framework/web/widgets/COutputProcessor.php(44): CContentDecorator->processOutput('<div id="conten...')
#9 /Applications/mappstack-5.4.15-0/apache2/htdocs/yii/framework/web/CBaseController.php(206): COutputProcessor->run()
#10 /Applications/mappstack-5.4.15-0/apache2/htdocs/yii/framework/web/CBaseController.php(300): CBaseController->endWidget('CContentDecorat...')
#11 /Applications/mappstack-5.4.15-0/apache2/htdocs/ERS-TimeControl/protected/views/layouts/column1.php(6): CBaseController->endContent()
#12 /Applications/mappstack-5.4.15-0/apache2/htdocs/yii/framework/web/CBaseController.php(126): require('/Applications/m...')
#13 /Applications/mappstack-5.4.15-0/apache2/htdocs/yii/framework/web/CBaseController.php(95): CBaseController->renderInternal('/Applications/m...', Array, true)
#14 /Applications/mappstack-5.4.15-0/apache2/htdocs/yii/framework/web/CController.php(784): CBaseController->renderFile('/Applications/m...', Array, true)
#15 /Applications/mappstack-5.4.15-0/apache2/htdocs/ERS-TimeControl/protected/controllers/SiteController.php(32): CController->render('index')
#16 /Applications/mappstack-5.4.15-0/apache2/htdocs/yii/framework/web/actions/CInlineAction.php(49): SiteController->actionIndex()
#17 /Applications/mappstack-5.4.15-0/apache2/htdocs/yii/framework/web/CController.php(308): CInlineAction->runWithParams(Array)
#18 /Applications/mappstack-5.4.15-0/apache2/htdocs/yii/framework/web/CController.php(286): CController->runAction(Object(CInlineAction))
#19 /Applications/mappstack-5.4.15-0/apache2/htdocs/yii/framework/web/CController.php(265): CController->runActionWithFilters(Object(CInlineAction), Array)
#20 /Applications/mappstack-5.4.15-0/apache2/htdocs/yii/framework/web/CWebApplication.php(282): CController->run('')
#21 /Applications/mappstack-5.4.15-0/apache2/htdocs/yii/framework/web/CWebApplication.php(141): CWebApplication->runController('')
#22 /Applications/mappstack-5.4.15-0/apache2/htdocs/yii/framework/base/CApplication.php(169): CWebApplication->processRequest()
#23 /Applications/mappstack-5.4.15-0/apache2/htdocs/ERS-TimeControl/index.php(13): CApplication->run()
#24 {main}
REQUEST_URI=/ERS-TimeControl/index.php
---
2013/12/20 01:26:14 [error] [exception.CException] exception 'CException' with message 'Alias "application.modules.cruge.components.CrugeWebUser" is invalid. Make sure it points to an existing PHP file and the file is readable.' in /Applications/mappstack-5.4.15-0/apache2/htdocs/yii/framework/YiiBase.php:316
Stack trace:
#0 /Applications/mappstack-5.4.15-0/apache2/htdocs/yii/framework/YiiBase.php(196): YiiBase::import('application.mod...', true)
#1 /Applications/mappstack-5.4.15-0/apache2/htdocs/yii/framework/base/CModule.php(386): YiiBase::createComponent(Array)
#2 /Applications/mappstack-5.4.15-0/apache2/htdocs/yii/framework/base/CModule.php(103): CModule->getComponent('user')
#3 /Applications/mappstack-5.4.15-0/apache2/htdocs/ERS-TimeControl/protected/views/layouts/main.php(36): CModule->__get('user')
#4 /Applications/mappstack-5.4.15-0/apache2/htdocs/yii/framework/web/CBaseController.php(126): require('/Applications/m...')
#5 /Applications/mappstack-5.4.15-0/apache2/htdocs/yii/framework/web/CBaseController.php(95): CBaseController->renderInternal('/Applications/m...', Array, true)
#6 /Applications/mappstack-5.4.15-0/apache2/htdocs/yii/framework/web/widgets/CContentDecorator.php(76): CBaseController->renderFile('/Applications/m...', Array, true)
#7 /Applications/mappstack-5.4.15-0/apache2/htdocs/yii/framework/web/widgets/CContentDecorator.php(54): CContentDecorator->decorate('<div id="conten...')
#8 /Applications/mappstack-5.4.15-0/apache2/htdocs/yii/framework/web/widgets/COutputProcessor.php(44): CContentDecorator->processOutput('<div id="conten...')
#9 /Applications/mappstack-5.4.15-0/apache2/htdocs/yii/framework/web/CBaseController.php(206): COutputProcessor->run()
#10 /Applications/mappstack-5.4.15-0/apache2/htdocs/yii/framework/web/CBaseController.php(300): CBaseController->endWidget('CContentDecorat...')
#11 /Applications/mappstack-5.4.15-0/apache2/htdocs/ERS-TimeControl/protected/views/layouts/column1.php(6): CBaseController->endContent()
#12 /Applications/mappstack-5.4.15-0/apache2/htdocs/yii/framework/web/CBaseController.php(126): require('/Applications/m...')
#13 /Applications/mappstack-5.4.15-0/apache2/htdocs/yii/framework/web/CBaseController.php(95): CBaseController->renderInternal('/Applications/m...', Array, true)
#14 /Applications/mappstack-5.4.15-0/apache2/htdocs/yii/framework/web/CController.php(784): CBaseController->renderFile('/Applications/m...', Array, true)
#15 /Applications/mappstack-5.4.15-0/apache2/htdocs/ERS-TimeControl/protected/controllers/SiteController.php(32): CController->render('index')
#16 /Applications/mappstack-5.4.15-0/apache2/htdocs/yii/framework/web/actions/CInlineAction.php(49): SiteController->actionIndex()
#17 /Applications/mappstack-5.4.15-0/apache2/htdocs/yii/framework/web/CController.php(308): CInlineAction->runWithParams(Array)
#18 /Applications/mappstack-5.4.15-0/apache2/htdocs/yii/framework/web/CController.php(286): CController->runAction(Object(CInlineAction))
#19 /Applications/mappstack-5.4.15-0/apache2/htdocs/yii/framework/web/CController.php(265): CController->runActionWithFilters(Object(CInlineAction), Array)
#20 /Applications/mappstack-5.4.15-0/apache2/htdocs/yii/framework/web/CWebApplication.php(282): CController->run('')
#21 /Applications/mappstack-5.4.15-0/apache2/htdocs/yii/framework/web/CWebApplication.php(141): CWebApplication->runController('')
#22 /Applications/mappstack-5.4.15-0/apache2/htdocs/yii/framework/base/CApplication.php(169): CWebApplication->processRequest()
#23 /Applications/mappstack-5.4.15-0/apache2/htdocs/ERS-TimeControl/index.php(13): CApplication->run()
#24 {main}
REQUEST_URI=/ERS-TimeControl/index.php
---
2013/12/20 01:26:14 [error] [exception.CException] exception 'CException' with message 'Alias "application.modules.cruge.components.CrugeWebUser" is invalid. Make sure it points to an existing PHP file and the file is readable.' in /Applications/mappstack-5.4.15-0/apache2/htdocs/yii/framework/YiiBase.php:316
Stack trace:
#0 /Applications/mappstack-5.4.15-0/apache2/htdocs/yii/framework/YiiBase.php(196): YiiBase::import('application.mod...', true)
#1 /Applications/mappstack-5.4.15-0/apache2/htdocs/yii/framework/base/CModule.php(386): YiiBase::createComponent(Array)
#2 /Applications/mappstack-5.4.15-0/apache2/htdocs/yii/framework/base/CModule.php(103): CModule->getComponent('user')
#3 /Applications/mappstack-5.4.15-0/apache2/htdocs/ERS-TimeControl/protected/views/layouts/main.php(36): CModule->__get('user')
#4 /Applications/mappstack-5.4.15-0/apache2/htdocs/yii/framework/web/CBaseController.php(126): require('/Applications/m...')
#5 /Applications/mappstack-5.4.15-0/apache2/htdocs/yii/framework/web/CBaseController.php(95): CBaseController->renderInternal('/Applications/m...', Array, true)
#6 /Applications/mappstack-5.4.15-0/apache2/htdocs/yii/framework/web/widgets/CContentDecorator.php(76): CBaseController->renderFile('/Applications/m...', Array, true)
#7 /Applications/mappstack-5.4.15-0/apache2/htdocs/yii/framework/web/widgets/CContentDecorator.php(54): CContentDecorator->decorate('<div id="conten...')
#8 /Applications/mappstack-5.4.15-0/apache2/htdocs/yii/framework/web/widgets/COutputProcessor.php(44): CContentDecorator->processOutput('<div id="conten...')
#9 /Applications/mappstack-5.4.15-0/apache2/htdocs/yii/framework/web/CBaseController.php(206): COutputProcessor->run()
#10 /Applications/mappstack-5.4.15-0/apache2/htdocs/yii/framework/web/CBaseController.php(300): CBaseController->endWidget('CContentDecorat...')
#11 /Applications/mappstack-5.4.15-0/apache2/htdocs/ERS-TimeControl/protected/views/layouts/column1.php(6): CBaseController->endContent()
#12 /Applications/mappstack-5.4.15-0/apache2/htdocs/yii/framework/web/CBaseController.php(126): require('/Applications/m...')
#13 /Applications/mappstack-5.4.15-0/apache2/htdocs/yii/framework/web/CBaseController.php(95): CBaseController->renderInternal('/Applications/m...', Array, true)
#14 /Applications/mappstack-5.4.15-0/apache2/htdocs/yii/framework/web/CController.php(784): CBaseController->renderFile('/Applications/m...', Array, true)
#15 /Applications/mappstack-5.4.15-0/apache2/htdocs/ERS-TimeControl/protected/controllers/SiteController.php(32): CController->render('index')
#16 /Applications/mappstack-5.4.15-0/apache2/htdocs/yii/framework/web/actions/CInlineAction.php(49): SiteController->actionIndex()
#17 /Applications/mappstack-5.4.15-0/apache2/htdocs/yii/framework/web/CController.php(308): CInlineAction->runWithParams(Array)
#18 /Applications/mappstack-5.4.15-0/apache2/htdocs/yii/framework/web/CController.php(286): CController->runAction(Object(CInlineAction))
#19 /Applications/mappstack-5.4.15-0/apache2/htdocs/yii/framework/web/CController.php(265): CController->runActionWithFilters(Object(CInlineAction), Array)
#20 /Applications/mappstack-5.4.15-0/apache2/htdocs/yii/framework/web/CWebApplication.php(282): CController->run('')
#21 /Applications/mappstack-5.4.15-0/apache2/htdocs/yii/framework/web/CWebApplication.php(141): CWebApplication->runController('')
#22 /Applications/mappstack-5.4.15-0/apache2/htdocs/yii/framework/base/CApplication.php(169): CWebApplication->processRequest()
#23 /Applications/mappstack-5.4.15-0/apache2/htdocs/ERS-TimeControl/index.php(13): CApplication->run()
#24 {main}
REQUEST_URI=/ERS-TimeControl/index.php
---
2013/12/20 01:26:18 [error] [exception.CHttpException.404] exception 'CHttpException' with message 'Unable to resolve the request "login".' in /Applications/mappstack-5.4.15-0/apache2/htdocs/yii/framework/web/CWebApplication.php:286
Stack trace:
#0 /Applications/mappstack-5.4.15-0/apache2/htdocs/yii/framework/web/CWebApplication.php(141): CWebApplication->runController('login')
#1 /Applications/mappstack-5.4.15-0/apache2/htdocs/yii/framework/base/CApplication.php(169): CWebApplication->processRequest()
#2 /Applications/mappstack-5.4.15-0/apache2/htdocs/ERS-TimeControl/index.php(13): CApplication->run()
#3 {main}
REQUEST_URI=/ERS-TimeControl/index.php/login
---
2013/12/20 01:26:30 [error] [exception.CHttpException.404] exception 'CHttpException' with message 'Unable to resolve the request "ui/login".' in /Applications/mappstack-5.4.15-0/apache2/htdocs/yii/framework/web/CWebApplication.php:286
Stack trace:
#0 /Applications/mappstack-5.4.15-0/apache2/htdocs/yii/framework/web/CWebApplication.php(141): CWebApplication->runController('ui/login')
#1 /Applications/mappstack-5.4.15-0/apache2/htdocs/yii/framework/base/CApplication.php(169): CWebApplication->processRequest()
#2 /Applications/mappstack-5.4.15-0/apache2/htdocs/ERS-TimeControl/index.php(13): CApplication->run()
#3 {main}
REQUEST_URI=/ERS-TimeControl/index.php/ui/login
---
2013/12/20 01:26:38 [error] [exception.CException] exception 'CException' with message 'Alias "application.modules.cruge.components.CrugeWebUser" is invalid. Make sure it points to an existing PHP file and the file is readable.' in /Applications/mappstack-5.4.15-0/apache2/htdocs/yii/framework/YiiBase.php:316
Stack trace:
#0 /Applications/mappstack-5.4.15-0/apache2/htdocs/yii/framework/YiiBase.php(196): YiiBase::import('application.mod...', true)
#1 /Applications/mappstack-5.4.15-0/apache2/htdocs/yii/framework/base/CModule.php(386): YiiBase::createComponent(Array)
#2 /Applications/mappstack-5.4.15-0/apache2/htdocs/yii/framework/base/CModule.php(103): CModule->getComponent('user')
#3 /Applications/mappstack-5.4.15-0/apache2/htdocs/ERS-TimeControl/protected/views/layouts/main.php(36): CModule->__get('user')
#4 /Applications/mappstack-5.4.15-0/apache2/htdocs/yii/framework/web/CBaseController.php(126): require('/Applications/m...')
#5 /Applications/mappstack-5.4.15-0/apache2/htdocs/yii/framework/web/CBaseController.php(95): CBaseController->renderInternal('/Applications/m...', Array, true)
#6 /Applications/mappstack-5.4.15-0/apache2/htdocs/yii/framework/web/widgets/CContentDecorator.php(76): CBaseController->renderFile('/Applications/m...', Array, true)
#7 /Applications/mappstack-5.4.15-0/apache2/htdocs/yii/framework/web/widgets/CContentDecorator.php(54): CContentDecorator->decorate('<div id="conten...')
#8 /Applications/mappstack-5.4.15-0/apache2/htdocs/yii/framework/web/widgets/COutputProcessor.php(44): CContentDecorator->processOutput('<div id="conten...')
#9 /Applications/mappstack-5.4.15-0/apache2/htdocs/yii/framework/web/CBaseController.php(206): COutputProcessor->run()
#10 /Applications/mappstack-5.4.15-0/apache2/htdocs/yii/framework/web/CBaseController.php(300): CBaseController->endWidget('CContentDecorat...')
#11 /Applications/mappstack-5.4.15-0/apache2/htdocs/ERS-TimeControl/protected/views/layouts/column1.php(6): CBaseController->endContent()
#12 /Applications/mappstack-5.4.15-0/apache2/htdocs/yii/framework/web/CBaseController.php(126): require('/Applications/m...')
#13 /Applications/mappstack-5.4.15-0/apache2/htdocs/yii/framework/web/CBaseController.php(95): CBaseController->renderInternal('/Applications/m...', Array, true)
#14 /Applications/mappstack-5.4.15-0/apache2/htdocs/yii/framework/web/CController.php(784): CBaseController->renderFile('/Applications/m...', Array, true)
#15 /Applications/mappstack-5.4.15-0/apache2/htdocs/ERS-TimeControl/protected/controllers/SiteController.php(32): CController->render('index')
#16 /Applications/mappstack-5.4.15-0/apache2/htdocs/yii/framework/web/actions/CInlineAction.php(49): SiteController->actionIndex()
#17 /Applications/mappstack-5.4.15-0/apache2/htdocs/yii/framework/web/CController.php(308): CInlineAction->runWithParams(Array)
#18 /Applications/mappstack-5.4.15-0/apache2/htdocs/yii/framework/web/CController.php(286): CController->runAction(Object(CInlineAction))
#19 /Applications/mappstack-5.4.15-0/apache2/htdocs/yii/framework/web/CController.php(265): CController->runActionWithFilters(Object(CInlineAction), Array)
#20 /Applications/mappstack-5.4.15-0/apache2/htdocs/yii/framework/web/CWebApplication.php(282): CController->run('')
#21 /Applications/mappstack-5.4.15-0/apache2/htdocs/yii/framework/web/CWebApplication.php(141): CWebApplication->runController('')
#22 /Applications/mappstack-5.4.15-0/apache2/htdocs/yii/framework/base/CApplication.php(169): CWebApplication->processRequest()
#23 /Applications/mappstack-5.4.15-0/apache2/htdocs/ERS-TimeControl/index.php(13): CApplication->run()
#24 {main}
REQUEST_URI=/ERS-TimeControl/
---
2013/12/20 01:26:38 [error] [exception.CException] exception 'CException' with message 'Alias "application.modules.cruge.components.CrugeWebUser" is invalid. Make sure it points to an existing PHP file and the file is readable.' in /Applications/mappstack-5.4.15-0/apache2/htdocs/yii/framework/YiiBase.php:316
Stack trace:
#0 /Applications/mappstack-5.4.15-0/apache2/htdocs/yii/framework/YiiBase.php(196): YiiBase::import('application.mod...', true)
#1 /Applications/mappstack-5.4.15-0/apache2/htdocs/yii/framework/base/CModule.php(386): YiiBase::createComponent(Array)
#2 /Applications/mappstack-5.4.15-0/apache2/htdocs/yii/framework/base/CModule.php(103): CModule->getComponent('user')
#3 /Applications/mappstack-5.4.15-0/apache2/htdocs/ERS-TimeControl/protected/views/layouts/main.php(36): CModule->__get('user')
#4 /Applications/mappstack-5.4.15-0/apache2/htdocs/yii/framework/web/CBaseController.php(126): require('/Applications/m...')
#5 /Applications/mappstack-5.4.15-0/apache2/htdocs/yii/framework/web/CBaseController.php(95): CBaseController->renderInternal('/Applications/m...', Array, true)
#6 /Applications/mappstack-5.4.15-0/apache2/htdocs/yii/framework/web/widgets/CContentDecorator.php(76): CBaseController->renderFile('/Applications/m...', Array, true)
#7 /Applications/mappstack-5.4.15-0/apache2/htdocs/yii/framework/web/widgets/CContentDecorator.php(54): CContentDecorator->decorate('<div id="conten...')
#8 /Applications/mappstack-5.4.15-0/apache2/htdocs/yii/framework/web/widgets/COutputProcessor.php(44): CContentDecorator->processOutput('<div id="conten...')
#9 /Applications/mappstack-5.4.15-0/apache2/htdocs/yii/framework/web/CBaseController.php(206): COutputProcessor->run()
#10 /Applications/mappstack-5.4.15-0/apache2/htdocs/yii/framework/web/CBaseController.php(300): CBaseController->endWidget('CContentDecorat...')
#11 /Applications/mappstack-5.4.15-0/apache2/htdocs/ERS-TimeControl/protected/views/layouts/column1.php(6): CBaseController->endContent()
#12 /Applications/mappstack-5.4.15-0/apache2/htdocs/yii/framework/web/CBaseController.php(126): require('/Applications/m...')
#13 /Applications/mappstack-5.4.15-0/apache2/htdocs/yii/framework/web/CBaseController.php(95): CBaseController->renderInternal('/Applications/m...', Array, true)
#14 /Applications/mappstack-5.4.15-0/apache2/htdocs/yii/framework/web/CController.php(784): CBaseController->renderFile('/Applications/m...', Array, true)
#15 /Applications/mappstack-5.4.15-0/apache2/htdocs/ERS-TimeControl/protected/controllers/SiteController.php(32): CController->render('index')
#16 /Applications/mappstack-5.4.15-0/apache2/htdocs/yii/framework/web/actions/CInlineAction.php(49): SiteController->actionIndex()
#17 /Applications/mappstack-5.4.15-0/apache2/htdocs/yii/framework/web/CController.php(308): CInlineAction->runWithParams(Array)
#18 /Applications/mappstack-5.4.15-0/apache2/htdocs/yii/framework/web/CController.php(286): CController->runAction(Object(CInlineAction))
#19 /Applications/mappstack-5.4.15-0/apache2/htdocs/yii/framework/web/CController.php(265): CController->runActionWithFilters(Object(CInlineAction), Array)
#20 /Applications/mappstack-5.4.15-0/apache2/htdocs/yii/framework/web/CWebApplication.php(282): CController->run('')
#21 /Applications/mappstack-5.4.15-0/apache2/htdocs/yii/framework/web/CWebApplication.php(141): CWebApplication->runController('')
#22 /Applications/mappstack-5.4.15-0/apache2/htdocs/yii/framework/base/CApplication.php(169): CWebApplication->processRequest()
#23 /Applications/mappstack-5.4.15-0/apache2/htdocs/ERS-TimeControl/index.php(13): CApplication->run()
#24 {main}
REQUEST_URI=/ERS-TimeControl/
---
2014/01/09 06:43:17 [error] [exception.CException] exception 'CException' with message 'Alias "application.modules.cruge.components.CrugeWebUser" is invalid. Make sure it points to an existing PHP file and the file is readable.' in /Applications/mappstack-5.4.15-0/apache2/htdocs/yii/framework/YiiBase.php:316
Stack trace:
#0 /Applications/mappstack-5.4.15-0/apache2/htdocs/yii/framework/YiiBase.php(196): YiiBase::import('application.mod...', true)
#1 /Applications/mappstack-5.4.15-0/apache2/htdocs/yii/framework/base/CModule.php(386): YiiBase::createComponent(Array)
#2 /Applications/mappstack-5.4.15-0/apache2/htdocs/yii/framework/base/CModule.php(103): CModule->getComponent('user')
#3 /Applications/mappstack-5.4.15-0/apache2/htdocs/ERS-TimeControl/protected/views/layouts/main.php(36): CModule->__get('user')
#4 /Applications/mappstack-5.4.15-0/apache2/htdocs/yii/framework/web/CBaseController.php(126): require('/Applications/m...')
#5 /Applications/mappstack-5.4.15-0/apache2/htdocs/yii/framework/web/CBaseController.php(95): CBaseController->renderInternal('/Applications/m...', Array, true)
#6 /Applications/mappstack-5.4.15-0/apache2/htdocs/yii/framework/web/widgets/CContentDecorator.php(76): CBaseController->renderFile('/Applications/m...', Array, true)
#7 /Applications/mappstack-5.4.15-0/apache2/htdocs/yii/framework/web/widgets/CContentDecorator.php(54): CContentDecorator->decorate('<div id="conten...')
#8 /Applications/mappstack-5.4.15-0/apache2/htdocs/yii/framework/web/widgets/COutputProcessor.php(44): CContentDecorator->processOutput('<div id="conten...')
#9 /Applications/mappstack-5.4.15-0/apache2/htdocs/yii/framework/web/CBaseController.php(206): COutputProcessor->run()
#10 /Applications/mappstack-5.4.15-0/apache2/htdocs/yii/framework/web/CBaseController.php(300): CBaseController->endWidget('CContentDecorat...')
#11 /Applications/mappstack-5.4.15-0/apache2/htdocs/ERS-TimeControl/protected/views/layouts/column1.php(6): CBaseController->endContent()
#12 /Applications/mappstack-5.4.15-0/apache2/htdocs/yii/framework/web/CBaseController.php(126): require('/Applications/m...')
#13 /Applications/mappstack-5.4.15-0/apache2/htdocs/yii/framework/web/CBaseController.php(95): CBaseController->renderInternal('/Applications/m...', Array, true)
#14 /Applications/mappstack-5.4.15-0/apache2/htdocs/yii/framework/web/CController.php(784): CBaseController->renderFile('/Applications/m...', Array, true)
#15 /Applications/mappstack-5.4.15-0/apache2/htdocs/ERS-TimeControl/protected/controllers/SiteController.php(32): CController->render('index')
#16 /Applications/mappstack-5.4.15-0/apache2/htdocs/yii/framework/web/actions/CInlineAction.php(49): SiteController->actionIndex()
#17 /Applications/mappstack-5.4.15-0/apache2/htdocs/yii/framework/web/CController.php(308): CInlineAction->runWithParams(Array)
#18 /Applications/mappstack-5.4.15-0/apache2/htdocs/yii/framework/web/CController.php(286): CController->runAction(Object(CInlineAction))
#19 /Applications/mappstack-5.4.15-0/apache2/htdocs/yii/framework/web/CController.php(265): CController->runActionWithFilters(Object(CInlineAction), Array)
#20 /Applications/mappstack-5.4.15-0/apache2/htdocs/yii/framework/web/CWebApplication.php(282): CController->run('')
#21 /Applications/mappstack-5.4.15-0/apache2/htdocs/yii/framework/web/CWebApplication.php(141): CWebApplication->runController('')
#22 /Applications/mappstack-5.4.15-0/apache2/htdocs/yii/framework/base/CApplication.php(169): CWebApplication->processRequest()
#23 /Applications/mappstack-5.4.15-0/apache2/htdocs/ERS-TimeControl/index.php(13): CApplication->run()
#24 {main}
REQUEST_URI=/ERS-TimeControl/
---
2014/01/25 07:59:42 [error] [exception.CException] exception 'CException' with message 'Alias "application.modules.cruge.components.CrugeWebUser" is invalid. Make sure it points to an existing PHP file and the file is readable.' in /Applications/mappstack-5.4.15-0/apache2/htdocs/yii/framework/YiiBase.php:316
Stack trace:
#0 /Applications/mappstack-5.4.15-0/apache2/htdocs/yii/framework/YiiBase.php(196): YiiBase::import('application.mod...', true)
#1 /Applications/mappstack-5.4.15-0/apache2/htdocs/yii/framework/base/CModule.php(386): YiiBase::createComponent(Array)
#2 /Applications/mappstack-5.4.15-0/apache2/htdocs/yii/framework/base/CModule.php(103): CModule->getComponent('user')
#3 /Applications/mappstack-5.4.15-0/apache2/htdocs/ERS-TimeControl/protected/views/layouts/main.php(36): CModule->__get('user')
#4 /Applications/mappstack-5.4.15-0/apache2/htdocs/yii/framework/web/CBaseController.php(126): require('/Applications/m...')
#5 /Applications/mappstack-5.4.15-0/apache2/htdocs/yii/framework/web/CBaseController.php(95): CBaseController->renderInternal('/Applications/m...', Array, true)
#6 /Applications/mappstack-5.4.15-0/apache2/htdocs/yii/framework/web/widgets/CContentDecorator.php(76): CBaseController->renderFile('/Applications/m...', Array, true)
#7 /Applications/mappstack-5.4.15-0/apache2/htdocs/yii/framework/web/widgets/CContentDecorator.php(54): CContentDecorator->decorate('<div id="conten...')
#8 /Applications/mappstack-5.4.15-0/apache2/htdocs/yii/framework/web/widgets/COutputProcessor.php(44): CContentDecorator->processOutput('<div id="conten...')
#9 /Applications/mappstack-5.4.15-0/apache2/htdocs/yii/framework/web/CBaseController.php(206): COutputProcessor->run()
#10 /Applications/mappstack-5.4.15-0/apache2/htdocs/yii/framework/web/CBaseController.php(300): CBaseController->endWidget('CContentDecorat...')
#11 /Applications/mappstack-5.4.15-0/apache2/htdocs/ERS-TimeControl/protected/views/layouts/column1.php(6): CBaseController->endContent()
#12 /Applications/mappstack-5.4.15-0/apache2/htdocs/yii/framework/web/CBaseController.php(126): require('/Applications/m...')
#13 /Applications/mappstack-5.4.15-0/apache2/htdocs/yii/framework/web/CBaseController.php(95): CBaseController->renderInternal('/Applications/m...', Array, true)
#14 /Applications/mappstack-5.4.15-0/apache2/htdocs/yii/framework/web/CController.php(784): CBaseController->renderFile('/Applications/m...', Array, true)
#15 /Applications/mappstack-5.4.15-0/apache2/htdocs/ERS-TimeControl/protected/controllers/SiteController.php(32): CController->render('index')
#16 /Applications/mappstack-5.4.15-0/apache2/htdocs/yii/framework/web/actions/CInlineAction.php(49): SiteController->actionIndex()
#17 /Applications/mappstack-5.4.15-0/apache2/htdocs/yii/framework/web/CController.php(308): CInlineAction->runWithParams(Array)
#18 /Applications/mappstack-5.4.15-0/apache2/htdocs/yii/framework/web/CController.php(286): CController->runAction(Object(CInlineAction))
#19 /Applications/mappstack-5.4.15-0/apache2/htdocs/yii/framework/web/CController.php(265): CController->runActionWithFilters(Object(CInlineAction), Array)
#20 /Applications/mappstack-5.4.15-0/apache2/htdocs/yii/framework/web/CWebApplication.php(282): CController->run('')
#21 /Applications/mappstack-5.4.15-0/apache2/htdocs/yii/framework/web/CWebApplication.php(141): CWebApplication->runController('')
#22 /Applications/mappstack-5.4.15-0/apache2/htdocs/yii/framework/base/CApplication.php(169): CWebApplication->processRequest()
#23 /Applications/mappstack-5.4.15-0/apache2/htdocs/ERS-TimeControl/index.php(13): CApplication->run()
#24 {main}
REQUEST_URI=/ERS-TimeControl/
---
2014/02/16 11:20:52 [error] [exception.CException] exception 'CException' with message 'Alias "application.modules.cruge.components.CrugeWebUser" is invalid. Make sure it points to an existing PHP file and the file is readable.' in /Applications/mappstack-5.4.15-0/apache2/htdocs/yii/framework/YiiBase.php:316
Stack trace:
#0 /Applications/mappstack-5.4.15-0/apache2/htdocs/yii/framework/YiiBase.php(196): YiiBase::import('application.mod...', true)
#1 /Applications/mappstack-5.4.15-0/apache2/htdocs/yii/framework/base/CModule.php(386): YiiBase::createComponent(Array)
#2 /Applications/mappstack-5.4.15-0/apache2/htdocs/yii/framework/base/CModule.php(103): CModule->getComponent('user')
#3 /Applications/mappstack-5.4.15-0/apache2/htdocs/ERS-TimeControl/protected/views/layouts/main.php(36): CModule->__get('user')
#4 /Applications/mappstack-5.4.15-0/apache2/htdocs/yii/framework/web/CBaseController.php(126): require('/Applications/m...')
#5 /Applications/mappstack-5.4.15-0/apache2/htdocs/yii/framework/web/CBaseController.php(95): CBaseController->renderInternal('/Applications/m...', Array, true)
#6 /Applications/mappstack-5.4.15-0/apache2/htdocs/yii/framework/web/widgets/CContentDecorator.php(76): CBaseController->renderFile('/Applications/m...', Array, true)
#7 /Applications/mappstack-5.4.15-0/apache2/htdocs/yii/framework/web/widgets/CContentDecorator.php(54): CContentDecorator->decorate('<div id="conten...')
#8 /Applications/mappstack-5.4.15-0/apache2/htdocs/yii/framework/web/widgets/COutputProcessor.php(44): CContentDecorator->processOutput('<div id="conten...')
#9 /Applications/mappstack-5.4.15-0/apache2/htdocs/yii/framework/web/CBaseController.php(206): COutputProcessor->run()
#10 /Applications/mappstack-5.4.15-0/apache2/htdocs/yii/framework/web/CBaseController.php(300): CBaseController->endWidget('CContentDecorat...')
#11 /Applications/mappstack-5.4.15-0/apache2/htdocs/ERS-TimeControl/protected/views/layouts/column1.php(6): CBaseController->endContent()
#12 /Applications/mappstack-5.4.15-0/apache2/htdocs/yii/framework/web/CBaseController.php(126): require('/Applications/m...')
#13 /Applications/mappstack-5.4.15-0/apache2/htdocs/yii/framework/web/CBaseController.php(95): CBaseController->renderInternal('/Applications/m...', Array, true)
#14 /Applications/mappstack-5.4.15-0/apache2/htdocs/yii/framework/web/CController.php(784): CBaseController->renderFile('/Applications/m...', Array, true)
#15 /Applications/mappstack-5.4.15-0/apache2/htdocs/ERS-TimeControl/protected/controllers/SiteController.php(32): CController->render('index')
#16 /Applications/mappstack-5.4.15-0/apache2/htdocs/yii/framework/web/actions/CInlineAction.php(49): SiteController->actionIndex()
#17 /Applications/mappstack-5.4.15-0/apache2/htdocs/yii/framework/web/CController.php(308): CInlineAction->runWithParams(Array)
#18 /Applications/mappstack-5.4.15-0/apache2/htdocs/yii/framework/web/CController.php(286): CController->runAction(Object(CInlineAction))
#19 /Applications/mappstack-5.4.15-0/apache2/htdocs/yii/framework/web/CController.php(265): CController->runActionWithFilters(Object(CInlineAction), Array)
#20 /Applications/mappstack-5.4.15-0/apache2/htdocs/yii/framework/web/CWebApplication.php(282): CController->run('')
#21 /Applications/mappstack-5.4.15-0/apache2/htdocs/yii/framework/web/CWebApplication.php(141): CWebApplication->runController('')
#22 /Applications/mappstack-5.4.15-0/apache2/htdocs/yii/framework/base/CApplication.php(169): CWebApplication->processRequest()
#23 /Applications/mappstack-5.4.15-0/apache2/htdocs/ERS-TimeControl/index.php(13): CApplication->run()
#24 {main}
REQUEST_URI=/ERS-TimeControl/
---
2014/02/16 11:21:54 [error] [exception.CException] exception 'CException' with message 'Alias "application.modules.cruge.components.CrugeWebUser" is invalid. Make sure it points to an existing PHP file and the file is readable.' in /Applications/mappstack-5.4.15-0/apache2/htdocs/yii/framework/YiiBase.php:316
Stack trace:
#0 /Applications/mappstack-5.4.15-0/apache2/htdocs/yii/framework/YiiBase.php(196): YiiBase::import('application.mod...', true)
#1 /Applications/mappstack-5.4.15-0/apache2/htdocs/yii/framework/base/CModule.php(386): YiiBase::createComponent(Array)
#2 /Applications/mappstack-5.4.15-0/apache2/htdocs/yii/framework/base/CModule.php(103): CModule->getComponent('user')
#3 /Applications/mappstack-5.4.15-0/apache2/htdocs/ERS-TimeControl/protected/views/layouts/main.php(36): CModule->__get('user')
#4 /Applications/mappstack-5.4.15-0/apache2/htdocs/yii/framework/web/CBaseController.php(126): require('/Applications/m...')
#5 /Applications/mappstack-5.4.15-0/apache2/htdocs/yii/framework/web/CBaseController.php(95): CBaseController->renderInternal('/Applications/m...', Array, true)
#6 /Applications/mappstack-5.4.15-0/apache2/htdocs/yii/framework/web/widgets/CContentDecorator.php(76): CBaseController->renderFile('/Applications/m...', Array, true)
#7 /Applications/mappstack-5.4.15-0/apache2/htdocs/yii/framework/web/widgets/CContentDecorator.php(54): CContentDecorator->decorate('<div id="conten...')
#8 /Applications/mappstack-5.4.15-0/apache2/htdocs/yii/framework/web/widgets/COutputProcessor.php(44): CContentDecorator->processOutput('<div id="conten...')
#9 /Applications/mappstack-5.4.15-0/apache2/htdocs/yii/framework/web/CBaseController.php(206): COutputProcessor->run()
#10 /Applications/mappstack-5.4.15-0/apache2/htdocs/yii/framework/web/CBaseController.php(300): CBaseController->endWidget('CContentDecorat...')
#11 /Applications/mappstack-5.4.15-0/apache2/htdocs/ERS-TimeControl/protected/views/layouts/column1.php(6): CBaseController->endContent()
#12 /Applications/mappstack-5.4.15-0/apache2/htdocs/yii/framework/web/CBaseController.php(126): require('/Applications/m...')
#13 /Applications/mappstack-5.4.15-0/apache2/htdocs/yii/framework/web/CBaseController.php(95): CBaseController->renderInternal('/Applications/m...', Array, true)
#14 /Applications/mappstack-5.4.15-0/apache2/htdocs/yii/framework/web/CController.php(784): CBaseController->renderFile('/Applications/m...', Array, true)
#15 /Applications/mappstack-5.4.15-0/apache2/htdocs/ERS-TimeControl/protected/controllers/SiteController.php(32): CController->render('index')
#16 /Applications/mappstack-5.4.15-0/apache2/htdocs/yii/framework/web/actions/CInlineAction.php(49): SiteController->actionIndex()
#17 /Applications/mappstack-5.4.15-0/apache2/htdocs/yii/framework/web/CController.php(308): CInlineAction->runWithParams(Array)
#18 /Applications/mappstack-5.4.15-0/apache2/htdocs/yii/framework/web/CController.php(286): CController->runAction(Object(CInlineAction))
#19 /Applications/mappstack-5.4.15-0/apache2/htdocs/yii/framework/web/CController.php(265): CController->runActionWithFilters(Object(CInlineAction), Array)
#20 /Applications/mappstack-5.4.15-0/apache2/htdocs/yii/framework/web/CWebApplication.php(282): CController->run('')
#21 /Applications/mappstack-5.4.15-0/apache2/htdocs/yii/framework/web/CWebApplication.php(141): CWebApplication->runController('')
#22 /Applications/mappstack-5.4.15-0/apache2/htdocs/yii/framework/base/CApplication.php(169): CWebApplication->processRequest()
#23 /Applications/mappstack-5.4.15-0/apache2/htdocs/ERS-TimeControl/index.php(13): CApplication->run()
#24 {main}
REQUEST_URI=/ERS-TimeControl/index.php
---
2014/02/16 11:22:04 [error] [exception.CHttpException.404] exception 'CHttpException' with message 'Unable to resolve the request "login".' in /Applications/mappstack-5.4.15-0/apache2/htdocs/yii/framework/web/CWebApplication.php:286
Stack trace:
#0 /Applications/mappstack-5.4.15-0/apache2/htdocs/yii/framework/web/CWebApplication.php(141): CWebApplication->runController('login')
#1 /Applications/mappstack-5.4.15-0/apache2/htdocs/yii/framework/base/CApplication.php(169): CWebApplication->processRequest()
#2 /Applications/mappstack-5.4.15-0/apache2/htdocs/ERS-TimeControl/index.php(13): CApplication->run()
#3 {main}
REQUEST_URI=/ERS-TimeControl/index.php/login
---
2014/02/16 11:22:07 [error] [exception.CHttpException.404] exception 'CHttpException' with message 'Unable to resolve the request "login".' in /Applications/mappstack-5.4.15-0/apache2/htdocs/yii/framework/web/CWebApplication.php:286
Stack trace:
#0 /Applications/mappstack-5.4.15-0/apache2/htdocs/yii/framework/web/CWebApplication.php(141): CWebApplication->runController('login')
#1 /Applications/mappstack-5.4.15-0/apache2/htdocs/yii/framework/base/CApplication.php(169): CWebApplication->processRequest()
#2 /Applications/mappstack-5.4.15-0/apache2/htdocs/ERS-TimeControl/index.php(13): CApplication->run()
#3 {main}
REQUEST_URI=/ERS-TimeControl/index.php/login
---
2014/02/16 11:29:01 [error] [exception.CHttpException.404] exception 'CHttpException' with message 'Unable to resolve the request "login".' in /Applications/mappstack-5.4.15-0/apache2/htdocs/yii/framework/web/CWebApplication.php:286
Stack trace:
#0 /Applications/mappstack-5.4.15-0/apache2/htdocs/yii/framework/web/CWebApplication.php(141): CWebApplication->runController('login')
#1 /Applications/mappstack-5.4.15-0/apache2/htdocs/yii/framework/base/CApplication.php(169): CWebApplication->processRequest()
#2 /Applications/mappstack-5.4.15-0/apache2/htdocs/ERS-TimeControl/index.php(13): CApplication->run()
#3 {main}
REQUEST_URI=/ERS-TimeControl/index.php/login
---
2014/02/16 11:29:36 [error] [application] UiController
CrugeUser->validate es false
<div class="errorSummary"><p>Please fix the following input errors:</p>
<ul>
<li>clave invalida</li>
</ul></div>
in /Applications/mappstack-5.4.15-0/apache2/htdocs/ERS-TimeControl/protected/modules/cruge/controllers/UiController.php (158)
in /Applications/mappstack-5.4.15-0/apache2/htdocs/ERS-TimeControl/index.php (13)
2014/02/16 11:31:20 [error] [exception.CHttpException.404] exception 'CHttpException' with message 'Unable to resolve the request "login".' in /Applications/mappstack-5.4.15-0/apache2/htdocs/yii/framework/web/CWebApplication.php:286
Stack trace:
#0 /Applications/mappstack-5.4.15-0/apache2/htdocs/yii/framework/web/CWebApplication.php(141): CWebApplication->runController('login')
#1 /Applications/mappstack-5.4.15-0/apache2/htdocs/yii/framework/base/CApplication.php(169): CWebApplication->processRequest()
#2 /Applications/mappstack-5.4.15-0/apache2/htdocs/ERS-TimeControl/index.php(13): CApplication->run()
#3 {main}
REQUEST_URI=/ERS-TimeControl/index.php/login
---
2014/02/16 11:31:20 [error] [exception.CHttpException.404] exception 'CHttpException' with message 'Unable to resolve the request "login".' in /Applications/mappstack-5.4.15-0/apache2/htdocs/yii/framework/web/CWebApplication.php:286
Stack trace:
#0 /Applications/mappstack-5.4.15-0/apache2/htdocs/yii/framework/web/CWebApplication.php(141): CWebApplication->runController('login')
#1 /Applications/mappstack-5.4.15-0/apache2/htdocs/yii/framework/base/CApplication.php(169): CWebApplication->processRequest()
#2 /Applications/mappstack-5.4.15-0/apache2/htdocs/ERS-TimeControl/index.php(13): CApplication->run()
#3 {main}
REQUEST_URI=/ERS-TimeControl/index.php/login
---
